This is pdfTeX, Version 3.141592653-2.6-1.40.24 (TeX Live 2022) (preloaded format=pdflatex 2023.2.19)  6 AUG 2023 17:59
entering extended mode
 restricted \write18 enabled.
 %&-line parsing enabled.
**index.tex
(./index.tex
LaTeX2e <2022-11-01> patch level 1
L3 programming layer <2023-02-07> (c:/Users/cassi/AppData/Roaming/TinyTeX/texmf-dist/tex/latex/memoir/memoir.cls
Document Class: memoir 2022/11/17 v3.7.19 configurable book, report, article document class
(c:/Users/cassi/AppData/Roaming/TinyTeX/texmf-dist/tex/latex/etoolbox/etoolbox.sty
Package: etoolbox 2020/10/05 v2.5k e-TeX tools for LaTeX (JAW)
\etb@tempcnta=\count185
)
\onelineskip=\skip48
\lxvchars=\skip49
\xlvchars=\skip50
\@memcnta=\count186
\c@@memmarkcntra=\count187
(c:/Users/cassi/AppData/Roaming/TinyTeX/texmf-dist/tex/generic/iftex/iftex.sty
Package: iftex 2022/02/03 v1.0f TeX engine tests
)
\stockheight=\dimen140
\stockwidth=\dimen141
\trimtop=\skip51
\trimedge=\skip52
(c:/Users/cassi/AppData/Roaming/TinyTeX/texmf-dist/tex/latex/memoir/mem12.clo
File: mem12.clo 2022/07/29 v0.5 memoir class 12pt size option
)
\binding=\skip53
\spinemargin=\skip54
\foremargin=\skip55
\uppermargin=\skip56
\lowermargin=\skip57
\headdrop=\skip58
\normalrulethickness=\skip59
\mem@maxheadheight=\skip60
\mem@maxfootheight=\skip61
\headwidth=\skip62
\c@storedpagenumber=\count188
\memPD=\dimen142
\m@mabparskip=\skip63
\thanksmarkwidth=\skip64
\thanksmarksep=\skip65
\droptitle=\skip66
\c@book=\count189
\c@part=\count190
\c@chapter=\count191
\c@section=\count192
\c@subsection=\count193
\c@subsubsection=\count194
\c@paragraph=\count195
\c@subparagraph=\count196
\beforechapskip=\skip67
\midchapskip=\skip68
\afterchapskip=\skip69
\chapindent=\skip70
\bottomsectionskip=\skip71
\secindent=\skip72
\beforesecskip=\skip73
\aftersecskip=\skip74
\subsecindent=\skip75
\beforesubsecskip=\skip76
\aftersubsecskip=\skip77
\subsubsecindent=\skip78
\beforesubsubsecskip=\skip79
\aftersubsubsecskip=\skip80
\paraindent=\skip81
\beforeparaskip=\skip82
\afterparaskip=\skip83
\subparaindent=\skip84
\beforesubparaskip=\skip85
\aftersubparaskip=\skip86
\pfbreakskip=\skip87
\c@@ppsavesec=\count197
\c@@ppsaveapp=\count198
\ragrparindent=\dimen143
\everylistparindent=\dimen144
\parsepi=\skip88
\topsepi=\skip89
\itemsepi=\skip90
\parsepii=\skip91
\topsepii=\skip92
\topsepiii=\skip93
\itemsepii=\skip94
\itemsepiii=\skip95
\partopsepii=\skip96
\partopsepiii=\skip97
\m@msavetopsep=\skip98
\m@msavepartopsep=\skip99
\@enLab=\toks16
\abstitleskip=\skip100
\absleftindent=\skip101
\abs@leftindent=\dimen145
\absrightindent=\skip102
\absparindent=\skip103
\absparsep=\skip104
\c@vslineno=\count199
\c@poemline=\count266
\c@modulo@vs=\count267
\c@memfvsline=\count268
\vleftskip=\skip105
\vrightskip=\skip106
\stanzaskip=\skip107
\versewidth=\skip108
\vgap=\skip109
\vindent=\skip110
\vleftmargin=\dimen146
\c@verse=\count269
\c@chrsinstr=\count270
\beforepoemtitleskip=\skip111
\afterpoemtitleskip=\skip112
\c@poem=\count271
\beforePoemTitleskip=\skip113
\midPoemTitleskip=\skip114
\afterPoemTitleskip=\skip115
(c:/Users/cassi/AppData/Roaming/TinyTeX/texmf-dist/tex/latex/tools/array.sty
Package: array 2022/09/04 v2.5g Tabular extension package (FMi)
\col@sep=\dimen147
\ar@mcellbox=\box51
\extrarowheight=\dimen148
\NC@list=\toks17
\extratabsurround=\skip116
\backup@length=\skip117
\ar@cellbox=\box52
) (c:/Users/cassi/AppData/Roaming/TinyTeX/texmf-dist/tex/latex/tools/dcolumn.sty
Package: dcolumn 2014/10/28 v1.06 decimal alignment package (DPC)
) (c:/Users/cassi/AppData/Roaming/TinyTeX/texmf-dist/tex/latex/tools/delarray.sty
Package: delarray 2014/10/28 v1.01 array delimiter package (DPC)
) (c:/Users/cassi/AppData/Roaming/TinyTeX/texmf-dist/tex/latex/tools/tabularx.sty
Package: tabularx 2020/01/15 v2.11c `tabularx' package (DPC)
\TX@col@width=\dimen149
\TX@old@table=\dimen150
\TX@old@col=\dimen151
\TX@target=\dimen152
\TX@delta=\dimen153
\TX@cols=\count272
\TX@ftn=\toks18
)
\heavyrulewidth=\dimen154
\lightrulewidth=\dimen155
\cmidrulewidth=\dimen156
\belowrulesep=\dimen157
\belowbottomsep=\dimen158
\aboverulesep=\dimen159
\abovetopsep=\dimen160
\cmidrulesep=\dimen161
\cmidrulekern=\dimen162
\defaultaddspace=\dimen163
\@cmidla=\count273
\@cmidlb=\count274
\@aboverulesep=\dimen164
\@belowrulesep=\dimen165
\@thisruleclass=\count275
\@lastruleclass=\count276
\@thisrulewidth=\dimen166
\ctableftskip=\skip118
\ctabrightskip=\skip119
\abovecolumnspenalty=\count277
\@linestogo=\count278
\@cellstogo=\count279
\@cellsincolumn=\count280
\crtok=\toks19
\@mincolumnwidth=\dimen167
\c@newflo@tctr=\count281
\mem@margin@floatbox=\box53
\@contcwidth=\skip120
\@contindw=\skip121
\abovecaptionskip=\skip122
\belowcaptionskip=\skip123
\subfloattopskip=\skip124
\subfloatcapskip=\skip125
\subfloatcaptopadj=\skip126
\subfloatbottomskip=\skip127
\subfloatlabelskip=\skip128
\subfloatcapmargin=\dimen168
\c@@contsubnum=\count282
\m@mscap@capbox=\box54
\m@mscap@fbox=\box55
\sidecapsep=\dimen169
\sidecapwidth=\dimen170
\m@m@tempdima=\dimen171
\m@mscapraise=\dimen172
\sidecapraise=\dimen173
\m@mscapmainwidth=\dimen174
\m@mscaplkern=\dimen175
\beforeepigraphskip=\skip129
\afterepigraphskip=\skip130
\epigraphwidth=\skip131
\epigraphrule=\skip132
LaTeX Info: Redefining \em on input line 7655.
LaTeX Info: Redefining \emph on input line 7663.
\tocentryskip=\skip133
\tocbaseline=\skip134
\cftparskip=\skip135
\cftbeforebookskip=\skip136
\cftbookindent=\dimen176
\cftbooknumwidth=\dimen177
\cftbeforepartskip=\skip137
\cftpartindent=\skip138
\cftpartnumwidth=\skip139
\cftbeforechapterskip=\skip140
\cftchapterindent=\skip141
\cftchapternumwidth=\skip142
\cftbeforesectionskip=\skip143
\cftsectionindent=\skip144
\cftsectionnumwidth=\skip145
\cftbeforesubsectionskip=\skip146
\cftsubsectionindent=\skip147
\cftsubsectionnumwidth=\skip148
\cftbeforesubsubsectionskip=\skip149
\cftsubsubsectionindent=\skip150
\cftsubsubsectionnumwidth=\skip151
\cftbeforeparagraphskip=\skip152
\cftparagraphindent=\skip153
\cftparagraphnumwidth=\skip154
\cftbeforesubparagraphskip=\skip155
\cftsubparagraphindent=\skip156
\cftsubparagraphnumwidth=\skip157
\prechapterprecisshift=\dimen178
\c@maxsecnumdepth=\count283
\bibindent=\dimen179
\bibitemsep=\skip158
\indexcolsep=\skip159
\indexrule=\skip160
\indexmarkstyle=\toks20
\@indexbox=\insert252
\glossarycolsep=\dimen180
\glossaryrule=\dimen181
\sideparvshift=\skip161
\sideins=\insert251
\sidebartopsep=\skip162
\sidebarhsep=\skip163
\sidebarvsep=\skip164
\sidebarwidth=\skip165
\footmarkwidth=\skip166
\footmarksep=\skip167
\footparindent=\skip168
\footinsdim=\skip169
\footinsv@r=\insert250
\@mpfootinsv@r=\insert249
\m@m@k=\count284
\m@m@h=\dimen182
\m@mipn@skip=\skip170
\sidefootins=\insert248
\sidefootadjust=\skip171
\sidefootheight=\skip172
\sidefoothsep=\skip173
\sidefootvsep=\skip174
\sidefootwidth=\skip175
\m@mdownsf=\skip176
\c@sidefootnote=\count285
\sidefootmarkwidth=\skip177
\sidefootmarksep=\skip178
\sidefootparindent=\skip179
\c@pagenote=\count286
\c@pagenoteshadow=\count287
\mem@pn@lastkern=\skip180
\every@verbatim=\toks21
\afterevery@verbatim=\toks22
\verbatim@line=\toks23
\tab@position=\count288
\verbatim@in@stream=\read2
\verbatimindent=\skip181
\verbatim@out=\write3
\bvboxsep=\skip182
\c@memfbvline=\count289
\c@bvlinectr=\count290
\bvnumlength=\skip183
\fb@frw=\dimen183
\fb@frh=\dimen184
\FrameRule=\dimen185
\FrameSep=\dimen186
\c@cp@cntr=\count291
\c@ism@mctr=\count292
\c@xsm@mctr=\count293
\c@csm@mctr=\count294
\c@ksm@mctr=\count295
\c@xksm@mctr=\count296
\c@cksm@mctr=\count297
\c@msm@mctr=\count298
\c@xmsm@mctr=\count299
\c@cmsm@mctr=\count300
\c@bsm@mctr=\count301
\c@workm@mctr=\count302
\c@sheetsequence=\count303
\c@lastsheet=\count304
\c@lastpage=\count305
(c:/Users/cassi/AppData/Roaming/TinyTeX/texmf-dist/tex/latex/textcase/textcase.sty
Package: textcase 2022/07/10 v1.03 Text only upper/lower case changing (DPC)
Package textcase Info: Defining Legacy names on input line 20.
)
\c@figure=\count306
\c@lofdepth=\count307
\cftbeforefigureskip=\skip184
\cftfigureindent=\skip185
\cftfigurenumwidth=\skip186
\c@table=\count308
\c@lotdepth=\count309
\cftbeforetableskip=\skip187
\cfttableindent=\skip188
\cfttablenumwidth=\skip189
Package abstract [2008/07/23] emulated by memoir.
Package appendix [2008/07/23] emulated by memoir.
Package booktabs [2016/05/16] emulated by memoir.
Package ccaption [2008/07/23] emulated by memoir.
Package changepage [2008/07/23] emulated by memoir.
Package chngcntr [2008/07/23] emulated by memoir.
Package chngpage [2008/07/23] emulated by memoir.
Package crop emulated by memoir.
Package enumerate [2008/07/23] emulated by memoir.
Package epigraph [2008/07/23] emulated by memoir.
Package ifmtarg [2008/07/23] emulated by memoir.
Package index [2008/07/23] emulated by memoir.
Package makeidx [2008/07/23] emulated by memoir.
Package moreverb [2008/07/23] emulated by memoir.
Package needspace [2008/07/23] emulated by memoir.
Package newfile [2008/07/23] emulated by memoir.
Package nextpage [2008/07/23] emulated by memoir.
Package pagenote [2008/07/23] emulated by memoir.
Package parskip [2008/07/23] emulated by memoir.
Package patchcmd [2008/07/23] emulated by memoir.
Package setspace [2008/07/23] emulated by memoir.
Package shortvrb [2008/07/23] emulated by memoir.
Package showidx [2008/07/23] emulated by memoir.
Package titleref [2008/07/23] emulated by memoir.
Package titling [2008/07/23] emulated by memoir.
Package tocbibind [2008/07/23] emulated by memoir.
Package tocloft [2008/07/23] emulated by memoir.
Package tocvsec2 [2008/07/23] emulated by memoir.
Package verbatim [2008/07/23] emulated by memoir.
Package verse [2008/07/23] emulated by memoir.
) (c:/Users/cassi/AppData/Roaming/TinyTeX/texmf-dist/tex/latex/graphics/graphicx.sty
Package: graphicx 2021/09/16 v1.2d Enhanced LaTeX Graphics (DPC,SPQR)
(c:/Users/cassi/AppData/Roaming/TinyTeX/texmf-dist/tex/latex/graphics/keyval.sty
Package: keyval 2022/05/29 v1.15 key=value parser (DPC)
\KV@toks@=\toks24
) (c:/Users/cassi/AppData/Roaming/TinyTeX/texmf-dist/tex/latex/graphics/graphics.sty
Package: graphics 2022/03/10 v1.4e Standard LaTeX Graphics (DPC,SPQR)
(c:/Users/cassi/AppData/Roaming/TinyTeX/texmf-dist/tex/latex/graphics/trig.sty
Package: trig 2021/08/11 v1.11 sin cos tan (DPC)
) (c:/Users/cassi/AppData/Roaming/TinyTeX/texmf-dist/tex/latex/graphics-cfg/graphics.cfg
File: graphics.cfg 2016/06/04 v1.11 sample graphics configuration
)
Package graphics Info: Driver file: pdftex.def on input line 107.
(c:/Users/cassi/AppData/Roaming/TinyTeX/texmf-dist/tex/latex/graphics-def/pdftex.def
File: pdftex.def 2022/09/22 v1.2b Graphics/color driver for pdftex
))
\Gin@req@height=\dimen187
\Gin@req@width=\dimen188
) (c:/Users/cassi/AppData/Roaming/TinyTeX/texmf-dist/tex/latex/graphics/color.sty
Package: color 2022/01/06 v1.3d Standard LaTeX Color (DPC)
(c:/Users/cassi/AppData/Roaming/TinyTeX/texmf-dist/tex/latex/graphics-cfg/color.cfg
File: color.cfg 2016/01/02 v1.6 sample color configuration
)
Package color Info: Driver file: pdftex.def on input line 149.
(c:/Users/cassi/AppData/Roaming/TinyTeX/texmf-dist/tex/latex/graphics/mathcolor.ltx)) (c:/Users/cassi/AppData/Roaming/TinyTeX/texmf-dist/tex/latex/eso-pic/eso-pic.sty
Package: eso-pic 2020/10/14 v3.0a eso-pic (RN)
\ESO@tempdima=\dimen189
\ESO@tempdimb=\dimen190
) (c:/Users/cassi/AppData/Roaming/TinyTeX/texmf-dist/tex/latex/stellenbosch/usthesis.sty
Package: usthesis 2014/11/28 v5.0 Stellenbosh Thesis class for use with Memoir (DNJ ELS)
Package usthesis Info: Stellenbosch thesis style for MEMOIR class on input line 35.
(c:/Users/cassi/AppData/Roaming/TinyTeX/texmf-dist/tex/latex/tools/calc.sty
Package: calc 2017/05/25 v4.3 Infix arithmetic (KKT,FJ)
\calc@Acount=\count310
\calc@Bcount=\count311
\calc@Adimen=\dimen191
\calc@Bdimen=\dimen192
\calc@Askip=\skip190
\calc@Bskip=\skip191
LaTeX Info: Redefining \setlength on input line 80.
LaTeX Info: Redefining \addtolength on input line 81.
\calc@Ccount=\count312
\calc@Cskip=\skip192
)
Package usthesis Info: Input file 'usthesis.afr' loaded on input line 94.
(c:/Users/cassi/AppData/Roaming/TinyTeX/texmf-dist/tex/latex/stellenbosch/usthesis.afr
File: usthesis.afr 2014/11/28 v2.0 USthesis Afr defs (DNJ Els)
)
Package usthesis Info: Input file 'usthesis.eng' loaded on input line 97.
(c:/Users/cassi/AppData/Roaming/TinyTeX/texmf-dist/tex/latex/stellenbosch/usthesis.eng
File: usthesis.eng 2014/11/28 v2.0 USthesis Eng defs (DNJ Els)
)
\US@tdima=\skip193
\US@tdimb=\skip194
\US@tboxa=\box56
\US@tboxb=\box57
\c@US@tcnta=\count313
\c@US@tcntb=\count314

******************************************************
Stock height and width: 845.90044pt by 598.07692pt
Top and edge trims: 0pt and 0pt
Page height and width: 845.90044pt by 598.07692pt
Text height and width: 635.5pt by 398pt
Spine and edge margins: 99.67041pt and 99.68553pt
Upper and lower margins: 80.09338pt and 130.30705pt
Headheight and headsep: 14.5pt and 19.8738pt
Footskip: 30pt
Columnsep and columnseprule: 10pt and 0pt
Marginparsep and marginparwidth: 7pt and 85.68553pt
Sidecapsep and sidecapwidth: 7pt and 50pt
Sidebarhsep and sidebarwidth: 7pt and 50pt
Sidebarvsep and sidebartopsep: 14.5pt and 0pt
Sidebarheight: 546.64995pt
Sidefoothsep and sidefootwidth: 7pt and 50pt
Sidefootvsep and sidefootheight: 14.5pt and 546.64995pt
******************************************************

\US@month=\count315
\US@year=\count316
) (c:/Users/cassi/AppData/Roaming/TinyTeX/texmf-dist/tex/latex/lm/lmodern.sty
Package: lmodern 2015/05/01 v1.6.1 Latin Modern Fonts
LaTeX Font Info:    Overwriting symbol font `operators' in version `normal'
(Font)                  OT1/cmr/m/n --> OT1/lmr/m/n on input line 22.
LaTeX Font Info:    Overwriting symbol font `letters' in version `normal'
(Font)                  OML/cmm/m/it --> OML/lmm/m/it on input line 23.
LaTeX Font Info:    Overwriting symbol font `symbols' in version `normal'
(Font)                  OMS/cmsy/m/n --> OMS/lmsy/m/n on input line 24.
LaTeX Font Info:    Overwriting symbol font `largesymbols' in version `normal'
(Font)                  OMX/cmex/m/n --> OMX/lmex/m/n on input line 25.
LaTeX Font Info:    Overwriting symbol font `operators' in version `bold'
(Font)                  OT1/cmr/bx/n --> OT1/lmr/bx/n on input line 26.
LaTeX Font Info:    Overwriting symbol font `letters' in version `bold'
(Font)                  OML/cmm/b/it --> OML/lmm/b/it on input line 27.
LaTeX Font Info:    Overwriting symbol font `symbols' in version `bold'
(Font)                  OMS/cmsy/b/n --> OMS/lmsy/b/n on input line 28.
LaTeX Font Info:    Overwriting symbol font `largesymbols' in version `bold'
(Font)                  OMX/cmex/m/n --> OMX/lmex/m/n on input line 29.
LaTeX Font Info:    Overwriting math alphabet `\mathbf' in version `normal'
(Font)                  OT1/cmr/bx/n --> OT1/lmr/bx/n on input line 31.
LaTeX Font Info:    Overwriting math alphabet `\mathsf' in version `normal'
(Font)                  OT1/cmss/m/n --> OT1/lmss/m/n on input line 32.
LaTeX Font Info:    Overwriting math alphabet `\mathit' in version `normal'
(Font)                  OT1/cmr/m/it --> OT1/lmr/m/it on input line 33.
LaTeX Font Info:    Overwriting math alphabet `\mathtt' in version `normal'
(Font)                  OT1/cmtt/m/n --> OT1/lmtt/m/n on input line 34.
LaTeX Font Info:    Overwriting math alphabet `\mathbf' in version `bold'
(Font)                  OT1/cmr/bx/n --> OT1/lmr/bx/n on input line 35.
LaTeX Font Info:    Overwriting math alphabet `\mathsf' in version `bold'
(Font)                  OT1/cmss/bx/n --> OT1/lmss/bx/n on input line 36.
LaTeX Font Info:    Overwriting math alphabet `\mathit' in version `bold'
(Font)                  OT1/cmr/bx/it --> OT1/lmr/bx/it on input line 37.
LaTeX Font Info:    Overwriting math alphabet `\mathtt' in version `bold'
(Font)                  OT1/cmtt/m/n --> OT1/lmtt/m/n on input line 38.
) (c:/Users/cassi/AppData/Roaming/TinyTeX/texmf-dist/tex/latex/amsfonts/amssymb.sty
Package: amssymb 2013/01/14 v3.01 AMS font symbols
(c:/Users/cassi/AppData/Roaming/TinyTeX/texmf-dist/tex/latex/amsfonts/amsfonts.sty
Package: amsfonts 2013/01/14 v3.01 Basic AMSFonts support
\@emptytoks=\toks25
\symAMSa=\mathgroup4
\symAMSb=\mathgroup5
LaTeX Font Info:    Redeclaring math symbol \hbar on input line 98.
LaTeX Font Info:    Overwriting math alphabet `\mathfrak' in version `bold'
(Font)                  U/euf/m/n --> U/euf/b/n on input line 106.
)) (c:/Users/cassi/AppData/Roaming/TinyTeX/texmf-dist/tex/latex/amsmath/amsmath.sty
Package: amsmath 2022/04/08 v2.17n AMS math features
\@mathmargin=\skip195
For additional information on amsmath, use the `?' option.
(c:/Users/cassi/AppData/Roaming/TinyTeX/texmf-dist/tex/latex/amsmath/amstext.sty
Package: amstext 2021/08/26 v2.01 AMS text
(c:/Users/cassi/AppData/Roaming/TinyTeX/texmf-dist/tex/latex/amsmath/amsgen.sty
File: amsgen.sty 1999/11/30 v2.0 generic functions
\@emptytoks=\toks26
\ex@=\dimen193
)) (c:/Users/cassi/AppData/Roaming/TinyTeX/texmf-dist/tex/latex/amsmath/amsbsy.sty
Package: amsbsy 1999/11/29 v1.2d Bold Symbols
\pmbraise@=\dimen194
) (c:/Users/cassi/AppData/Roaming/TinyTeX/texmf-dist/tex/latex/amsmath/amsopn.sty
Package: amsopn 2022/04/08 v2.04 operator names
)
\inf@bad=\count317
LaTeX Info: Redefining \frac on input line 234.
\uproot@=\count318
\leftroot@=\count319
LaTeX Info: Redefining \overline on input line 399.
LaTeX Info: Redefining \colon on input line 410.
\classnum@=\count320
\DOTSCASE@=\count321
LaTeX Info: Redefining \ldots on input line 496.
LaTeX Info: Redefining \dots on input line 499.
LaTeX Info: Redefining \cdots on input line 620.
\Mathstrutbox@=\box58
\strutbox@=\box59
LaTeX Info: Redefining \big on input line 722.
LaTeX Info: Redefining \Big on input line 723.
LaTeX Info: Redefining \bigg on input line 724.
LaTeX Info: Redefining \Bigg on input line 725.
\big@size=\dimen195
LaTeX Font Info:    Redeclaring font encoding OML on input line 743.
LaTeX Font Info:    Redeclaring font encoding OMS on input line 744.
\macc@depth=\count322
LaTeX Info: Redefining \bmod on input line 905.
LaTeX Info: Redefining \pmod on input line 910.
LaTeX Info: Redefining \smash on input line 940.
LaTeX Info: Redefining \relbar on input line 970.
LaTeX Info: Redefining \Relbar on input line 971.
\c@MaxMatrixCols=\count323
\dotsspace@=\muskip16
\c@parentequation=\count324
\dspbrk@lvl=\count325
\tag@help=\toks27
\row@=\count326
\column@=\count327
\maxfields@=\count328
\andhelp@=\toks28
\eqnshift@=\dimen196
\alignsep@=\dimen197
\tagshift@=\dimen198
\tagwidth@=\dimen199
\totwidth@=\dimen256
\lineht@=\dimen257
\@envbody=\toks29
\multlinegap=\skip196
\multlinetaggap=\skip197
\mathdisplay@stack=\toks30
LaTeX Info: Redefining \[ on input line 2953.
LaTeX Info: Redefining \] on input line 2954.
) (c:/Users/cassi/AppData/Roaming/TinyTeX/texmf-dist/tex/generic/iftex/ifxetex.sty
Package: ifxetex 2019/10/25 v0.7 ifxetex legacy package. Use iftex instead.
) (c:/Users/cassi/AppData/Roaming/TinyTeX/texmf-dist/tex/generic/iftex/ifluatex.sty
Package: ifluatex 2019/10/25 v1.5 ifluatex legacy package. Use iftex instead.
) (c:/Users/cassi/AppData/Roaming/TinyTeX/texmf-dist/tex/latex/base/textcomp.sty
Package: textcomp 2020/02/02 v2.0n Standard LaTeX package
) (c:/Users/cassi/AppData/Roaming/TinyTeX/texmf-dist/tex/latex/tools/bm.sty
Package: bm 2022/01/05 v1.2f Bold Symbol Support (DPC/FMi)
\symboldoperators=\mathgroup6
\symboldletters=\mathgroup7
\symboldsymbols=\mathgroup8
Package bm Info: No bold for \OMX/lmex/m/n, using \pmb.
Package bm Info: No bold for \U/msa/m/n, using \pmb.
Package bm Info: No bold for \U/msb/m/n, using \pmb.
LaTeX Font Info:    Redeclaring math alphabet \mathbf on input line 149.
) (c:/Users/cassi/AppData/Roaming/TinyTeX/texmf-dist/tex/latex/base/fixltx2e.sty
Package: fixltx2e 2016/12/29 v2.1a fixes to LaTeX (obsolete)
Applying: [2015/01/01] Old fixltx2e package on input line 46.

Package fixltx2e Warning: fixltx2e is not required with releases after 2015
(fixltx2e)                All fixes are now in the LaTeX kernel.
(fixltx2e)                See the latexrelease package for details.

Already applied: [0000/00/00] Old fixltx2e package on input line 53.
) (c:/Users/cassi/AppData/Roaming/TinyTeX/texmf-dist/tex/latex/base/fontenc.sty
Package: fontenc 2021/04/29 v2.0v Standard LaTeX package
LaTeX Font Info:    Trying to load font information for T1+lmr on input line 112.
(c:/Users/cassi/AppData/Roaming/TinyTeX/texmf-dist/tex/latex/lm/t1lmr.fd
File: t1lmr.fd 2015/05/01 v1.6.1 Font defs for Latin Modern
)) (c:/Users/cassi/AppData/Roaming/TinyTeX/texmf-dist/tex/latex/base/inputenc.sty
Package: inputenc 2021/02/14 v1.3d Input encoding file
\inpenc@prehook=\toks31
\inpenc@posthook=\toks32
) (c:/Users/cassi/AppData/Roaming/TinyTeX/texmf-dist/tex/latex/upquote/upquote.sty
Package: upquote 2012/04/19 v1.3 upright-quote and grave-accent glyphs in verbatim
) (c:/Users/cassi/AppData/Roaming/TinyTeX/texmf-dist/tex/latex/microtype/microtype.sty
Package: microtype 2022/06/23 v3.0f Micro-typographical refinements (RS)
\MT@toks=\toks33
\MT@tempbox=\box60
\MT@count=\count329
LaTeX Info: Redefining \noprotrusionifhmode on input line 1045.
LaTeX Info: Redefining \leftprotrusion on input line 1046.
LaTeX Info: Redefining \rightprotrusion on input line 1056.
LaTeX Info: Redefining \textls on input line 1234.
\MT@outer@kern=\dimen258
LaTeX Info: Redefining \textmicrotypecontext on input line 1858.
\MT@listname@count=\count330
(c:/Users/cassi/AppData/Roaming/TinyTeX/texmf-dist/tex/latex/microtype/microtype-pdftex.def
File: microtype-pdftex.def 2022/06/23 v3.0f Definitions specific to pdftex (RS)
LaTeX Info: Redefining \lsstyle on input line 900.
LaTeX Info: Redefining \lslig on input line 900.
\MT@outer@space=\skip198
)
Package microtype Info: Loading configuration file microtype.cfg.
(c:/Users/cassi/AppData/Roaming/TinyTeX/texmf-dist/tex/latex/microtype/microtype.cfg
File: microtype.cfg 2022/06/23 v3.0f microtype main configuration file (RS)
)) (c:/Users/cassi/AppData/Roaming/TinyTeX/texmf-dist/tex/latex/hyperref/hyperref.sty
Package: hyperref 2023-02-07 v7.00v Hypertext links for LaTeX
(c:/Users/cassi/AppData/Roaming/TinyTeX/texmf-dist/tex/generic/ltxcmds/ltxcmds.sty
Package: ltxcmds 2020-05-10 v1.25 LaTeX kernel commands for general use (HO)
) (c:/Users/cassi/AppData/Roaming/TinyTeX/texmf-dist/tex/generic/pdftexcmds/pdftexcmds.sty
Package: pdftexcmds 2020-06-27 v0.33 Utility functions of pdfTeX for LuaTeX (HO)
(c:/Users/cassi/AppData/Roaming/TinyTeX/texmf-dist/tex/generic/infwarerr/infwarerr.sty
Package: infwarerr 2019/12/03 v1.5 Providing info/warning/error messages (HO)
)
Package pdftexcmds Info: \pdf@primitive is available.
Package pdftexcmds Info: \pdf@ifprimitive is available.
Package pdftexcmds Info: \pdfdraftmode found.
) (c:/Users/cassi/AppData/Roaming/TinyTeX/texmf-dist/tex/latex/kvsetkeys/kvsetkeys.sty
Package: kvsetkeys 2022-10-05 v1.19 Key value parser (HO)
) (c:/Users/cassi/AppData/Roaming/TinyTeX/texmf-dist/tex/generic/kvdefinekeys/kvdefinekeys.sty
Package: kvdefinekeys 2019-12-19 v1.6 Define keys (HO)
) (c:/Users/cassi/AppData/Roaming/TinyTeX/texmf-dist/tex/generic/pdfescape/pdfescape.sty
Package: pdfescape 2019/12/09 v1.15 Implements pdfTeX's escape features (HO)
) (c:/Users/cassi/AppData/Roaming/TinyTeX/texmf-dist/tex/latex/hycolor/hycolor.sty
Package: hycolor 2020-01-27 v1.10 Color options for hyperref/bookmark (HO)
) (c:/Users/cassi/AppData/Roaming/TinyTeX/texmf-dist/tex/latex/letltxmacro/letltxmacro.sty
Package: letltxmacro 2019/12/03 v1.6 Let assignment for LaTeX macros (HO)
) (c:/Users/cassi/AppData/Roaming/TinyTeX/texmf-dist/tex/latex/auxhook/auxhook.sty
Package: auxhook 2019-12-17 v1.6 Hooks for auxiliary files (HO)
) (c:/Users/cassi/AppData/Roaming/TinyTeX/texmf-dist/tex/latex/hyperref/nameref.sty
Package: nameref 2022-05-17 v2.50 Cross-referencing by name of section
(c:/Users/cassi/AppData/Roaming/TinyTeX/texmf-dist/tex/latex/refcount/refcount.sty
Package: refcount 2019/12/15 v3.6 Data extraction from label references (HO)
) (c:/Users/cassi/AppData/Roaming/TinyTeX/texmf-dist/tex/generic/gettitlestring/gettitlestring.sty
Package: gettitlestring 2019/12/15 v1.6 Cleanup title references (HO)
(c:/Users/cassi/AppData/Roaming/TinyTeX/texmf-dist/tex/latex/kvoptions/kvoptions.sty
Package: kvoptions 2022-06-15 v3.15 Key value format for package options (HO)
))
\c@section@level=\count331
)
\@linkdim=\dimen259
\Hy@linkcounter=\count332
\Hy@pagecounter=\count333
(c:/Users/cassi/AppData/Roaming/TinyTeX/texmf-dist/tex/latex/hyperref/pd1enc.def
File: pd1enc.def 2023-02-07 v7.00v Hyperref: PDFDocEncoding definition (HO)
Now handling font encoding PD1 ...
... no UTF-8 mapping file for font encoding PD1
) (c:/Users/cassi/AppData/Roaming/TinyTeX/texmf-dist/tex/generic/intcalc/intcalc.sty
Package: intcalc 2019/12/15 v1.3 Expandable calculations with integers (HO)
) (c:/Users/cassi/AppData/Roaming/TinyTeX/texmf-dist/tex/generic/etexcmds/etexcmds.sty
Package: etexcmds 2019/12/15 v1.7 Avoid name clashes with e-TeX commands (HO)
)
\Hy@SavedSpaceFactor=\count334
(c:/Users/cassi/AppData/Roaming/TinyTeX/texmf-dist/tex/latex/hyperref/puenc.def
File: puenc.def 2023-02-07 v7.00v Hyperref: PDF Unicode definition (HO)
Now handling font encoding PU ...
... no UTF-8 mapping file for font encoding PU
)
Package hyperref Info: Option `unicode' set `true' on input line 4060.
Package hyperref Info: Hyper figures OFF on input line 4177.
Package hyperref Info: Link nesting OFF on input line 4182.
Package hyperref Info: Hyper index ON on input line 4185.
Package hyperref Info: Plain pages OFF on input line 4192.
Package hyperref Info: Backreferencing OFF on input line 4197.
Package hyperref Info: Implicit mode ON; LaTeX internals redefined.
Package hyperref Info: Bookmarks ON on input line 4425.
\c@Hy@tempcnt=\count335
(c:/Users/cassi/AppData/Roaming/TinyTeX/texmf-dist/tex/latex/url/url.sty
\Urlmuskip=\muskip17
Package: url 2013/09/16  ver 3.4  Verb mode for urls, etc.
)
LaTeX Info: Redefining \url on input line 4763.
\XeTeXLinkMargin=\dimen260
(c:/Users/cassi/AppData/Roaming/TinyTeX/texmf-dist/tex/generic/bitset/bitset.sty
Package: bitset 2019/12/09 v1.3 Handle bit-vector datatype (HO)
(c:/Users/cassi/AppData/Roaming/TinyTeX/texmf-dist/tex/generic/bigintcalc/bigintcalc.sty
Package: bigintcalc 2019/12/15 v1.5 Expandable calculations on big integers (HO)
))
\Fld@menulength=\count336
\Field@Width=\dimen261
\Fld@charsize=\dimen262
Package hyperref Info: Hyper figures OFF on input line 6042.
Package hyperref Info: Link nesting OFF on input line 6047.
Package hyperref Info: Hyper index ON on input line 6050.
Package hyperref Info: backreferencing OFF on input line 6057.
Package hyperref Info: Link coloring OFF on input line 6062.
Package hyperref Info: Link coloring with OCG OFF on input line 6067.
Package hyperref Info: PDF/A mode OFF on input line 6072.
(c:/Users/cassi/AppData/Roaming/TinyTeX/texmf-dist/tex/latex/base/atbegshi-ltx.sty
Package: atbegshi-ltx 2021/01/10 v1.0c Emulation of the original atbegshi
package with kernel methods
)
\Hy@abspage=\count337
\c@Item=\count338
\c@Hfootnote=\count339
)
Package hyperref Info: Driver (autodetected): hpdftex.
(c:/Users/cassi/AppData/Roaming/TinyTeX/texmf-dist/tex/latex/hyperref/hpdftex.def
File: hpdftex.def 2023-02-07 v7.00v Hyperref driver for pdfTeX
(c:/Users/cassi/AppData/Roaming/TinyTeX/texmf-dist/tex/latex/base/atveryend-ltx.sty
Package: atveryend-ltx 2020/08/19 v1.0a Emulation of the original atveryend package
with kernel methods
)
\Fld@listcount=\count340
\c@bookmark@seq@number=\count341
(c:/Users/cassi/AppData/Roaming/TinyTeX/texmf-dist/tex/latex/rerunfilecheck/rerunfilecheck.sty
Package: rerunfilecheck 2022-07-10 v1.10 Rerun checks for auxiliary files (HO)
(c:/Users/cassi/AppData/Roaming/TinyTeX/texmf-dist/tex/generic/uniquecounter/uniquecounter.sty
Package: uniquecounter 2019/12/15 v1.4 Provide unlimited unique counter (HO)
)
Package uniquecounter Info: New unique counter `rerunfilecheck' on input line 285.
)
\Hy@SectionHShift=\skip199
) (c:/Users/cassi/AppData/Roaming/TinyTeX/texmf-dist/tex/latex/memoir/memhfixc.sty
Package: memhfixc 2022/11/17 v1.20 nameref/hyperref package fixes for memoir class
Redoing nameref's sectioning
Redoing nameref's label
LaTeX Info: Redefining \nameref on input line 106.
\c@memhycontfloat=\count342
\c@Hpagenote=\count343
) (c:/Users/cassi/AppData/Roaming/TinyTeX/texmf-dist/tex/latex/cleveref/cleveref.sty
Package: cleveref 2018/03/27 v0.21.4 Intelligent cross-referencing
LaTeX Info: Redefining \Cref on input line 925.
Package cleveref Info: `hyperref' support loaded on input line 2370.
LaTeX Info: Redefining \cref on input line 2370.
LaTeX Info: Redefining \Cref on input line 2370.
LaTeX Info: Redefining \crefrange on input line 2370.
LaTeX Info: Redefining \Crefrange on input line 2370.
LaTeX Info: Redefining \cpageref on input line 2370.
LaTeX Info: Redefining \Cpageref on input line 2370.
LaTeX Info: Redefining \cpagerefrange on input line 2370.
LaTeX Info: Redefining \Cpagerefrange on input line 2370.
LaTeX Info: Redefining \labelcref on input line 2370.
LaTeX Info: Redefining \labelcpageref on input line 2370.
Package cleveref Info: always capitalise cross-reference names on input line 7830.
Package cleveref Info: always capitalise cross-reference names on input line 7852.
)
Package hyperref Info: Option `breaklinks' set `true' on input line 40.
(c:/Users/cassi/AppData/Roaming/TinyTeX/texmf-dist/tex/generic/babel/babel.sty
Package: babel 2023/02/13 3.86 The Babel package
\babel@savecnt=\count344
\U@D=\dimen263
\l@unhyphenated=\language4
(c:/Users/cassi/AppData/Roaming/TinyTeX/texmf-dist/tex/generic/babel/txtbabel.def)
\bbl@readstream=\read3
\bbl@dirlevel=\count345
Package babel Info: Main language set with 'main='. Except if you have
(babel)             problems, prefer the default mechanism for setting
(babel)             the main language. Reported on input line 4332.
(c:/Users/cassi/AppData/Roaming/TinyTeX/texmf-dist/tex/generic/babel-english/english.ldf
Language: english 2017/06/06 v3.3r English support from the babel system
Package babel Info: Hyphen rules for 'british' set to \l@english
(babel)             (\language0). Reported on input line 82.
Package babel Info: Hyphen rules for 'UKenglish' set to \l@english
(babel)             (\language0). Reported on input line 83.
Package babel Info: Hyphen rules for 'canadian' set to \l@english
(babel)             (\language0). Reported on input line 102.
Package babel Info: Hyphen rules for 'australian' set to \l@english
(babel)             (\language0). Reported on input line 105.
Package babel Info: Hyphen rules for 'newzealand' set to \l@english
(babel)             (\language0). Reported on input line 108.
)) (c:/Users/cassi/AppData/Roaming/TinyTeX/texmf-dist/tex/generic/babel/locale/en/babel-english.tex
Package babel Info: Importing font and identification data for english
(babel)             from babel-en.ini. Reported on input line 11.
) (c:/Users/cassi/AppData/Roaming/TinyTeX/texmf-dist/tex/latex/stellenbosch/usnomencl.sty
Package: usnomencl 2008/05/30 v1.1 Stellenbosh Thesis Nomenclature (DNJ ELS)
\USN@tdima=\skip256
\USN@NomGrpSep=\skip257
\NomGrpSep=\skip258
\NomItmSep=\skip259
\NomItmMrg=\skip260
\NomLblSep=\skip261
\UnitLabelWdth=\skip262
) (c:/Users/cassi/AppData/Roaming/TinyTeX/texmf-dist/tex/latex/acronym/acronym.sty
Package: acronym 2020/04/17 v1.47 Support for acronyms (Tobias Oetiker)
(c:/Users/cassi/AppData/Roaming/TinyTeX/texmf-dist/tex/latex/bigfoot/suffix.sty
Package: suffix 2006/07/15 1.5a Variant command support
) (c:/Users/cassi/AppData/Roaming/TinyTeX/texmf-dist/tex/generic/xstring/xstring.sty (c:/Users/cassi/AppData/Roaming/TinyTeX/texmf-dist/tex/generic/xstring/xstring.tex
\integerpart=\count346
\decimalpart=\count347
)
Package: xstring 2023/01/14 v1.85 String manipulations (CT)
)
\AC@clearlist=\toks34
) (c:/Users/cassi/AppData/Roaming/TinyTeX/texmf-dist/tex/latex/stellenbosch/usbib.sty
Package: usbib 2009/03/07 1.0 (DNJ Els)
(c:/Users/cassi/AppData/Roaming/TinyTeX/texmf-dist/tex/latex/natbib/natbib.sty
Package: natbib 2010/09/13 8.31b (PWD, AO)
\bibhang=\skip263
\bibsep=\skip264
LaTeX Info: Redefining \cite on input line 694.
\c@NAT@ctr=\count348
)) (c:/Users/cassi/AppData/Roaming/TinyTeX/texmf-dist/tex/latex/subfig/subfig.sty
Package: subfig 2005/06/28 ver: 1.3 subfig package
(c:/Users/cassi/AppData/Roaming/TinyTeX/texmf-dist/tex/latex/caption/caption.sty
Package: caption 2022/03/01 v3.6b Customizing captions (AR)
(c:/Users/cassi/AppData/Roaming/TinyTeX/texmf-dist/tex/latex/caption/caption3.sty
Package: caption3 2022/03/17 v2.3b caption3 kernel (AR)
\caption@tempdima=\dimen264
\captionmargin=\dimen265
\caption@leftmargin=\dimen266
\caption@rightmargin=\dimen267
\caption@width=\dimen268
\caption@indent=\dimen269
\caption@parindent=\dimen270
\caption@hangindent=\dimen271
Package caption Info: memoir document class detected.
(c:/Users/cassi/AppData/Roaming/TinyTeX/texmf-dist/tex/latex/caption/caption-memoir.sto
File: caption-memoir.sto 2022/03/02 v2.2b Adaption of the caption package to the memoir document class (AR)
))
\c@caption@flags=\count349
\c@continuedfloat=\count350
Package caption Info: changepage package is loaded.
\caption@adjustwidth@hsize=\dimen272
\caption@adjustwidth@linewidth=\dimen273
Package caption Info: hyperref package is loaded.
)
\c@KVtest=\count351
\sf@farskip=\skip265
\sf@captopadj=\dimen274
\sf@capskip=\skip266
\sf@nearskip=\skip267
\c@subfigure=\count352
\c@subfigure@save=\count353
\c@subtable=\count354
\c@subtable@save=\count355
\sf@top=\skip268
\sf@bottom=\skip269
) (c:/Users/cassi/AppData/Roaming/TinyTeX/texmf-dist/tex/latex/siunitx/siunitx.sty
Package: siunitx 2023-01-03 v3.2.0 A comprehensive (SI) units package
\l__siunitx_angle_tmp_dim=\dimen275
\l__siunitx_angle_marker_box=\box61
\l__siunitx_angle_unit_box=\box62
\l__siunitx_compound_count_int=\count356
\l__siunitx_number_exponent_fixed_int=\count357
\l__siunitx_number_min_decimal_int=\count358
\l__siunitx_number_min_integer_int=\count359
\l__siunitx_number_round_precision_int=\count360
\l__siunitx_number_lower_threshold_int=\count361
\l__siunitx_number_upper_threshold_int=\count362
\l__siunitx_number_group_first_int=\count363
\l__siunitx_number_group_size_int=\count364
\l__siunitx_number_group_minimum_int=\count365
\l__siunitx_table_tmp_box=\box63
\l__siunitx_table_tmp_dim=\dimen276
\l__siunitx_table_column_width_dim=\dimen277
\l__siunitx_table_integer_box=\box64
\l__siunitx_table_decimal_box=\box65
\l__siunitx_table_uncert_box=\box66
\l__siunitx_table_before_box=\box67
\l__siunitx_table_after_box=\box68
\l__siunitx_table_before_dim=\dimen278
\l__siunitx_table_carry_dim=\dimen279
\l__siunitx_unit_tmp_int=\count366
\l__siunitx_unit_position_int=\count367
\l__siunitx_unit_total_int=\count368
) (c:/Users/cassi/AppData/Roaming/TinyTeX/texmf-dist/tex/generic/ulem/ulem.sty
\UL@box=\box69
\UL@hyphenbox=\box70
\UL@skip=\skip270
\UL@hook=\toks35
\UL@height=\dimen280
\UL@pe=\count369
\UL@pixel=\dimen281
\ULC@box=\box71
Package: ulem 2019/11/18
\ULdepth=\dimen282
) (c:/Users/cassi/AppData/Roaming/TinyTeX/texmf-dist/tex/latex/colortbl/colortbl.sty
Package: colortbl 2022/06/20 v1.0f Color table columns (DPC)
\everycr=\toks36
\minrowclearance=\skip271
\rownum=\count370
) (c:/Users/cassi/AppData/Roaming/TinyTeX/texmf-dist/tex/latex/multirow/multirow.sty
Package: multirow 2021/03/15 v2.8 Span multiple rows of a table
\multirow@colwidth=\skip272
\multirow@cntb=\count371
\multirow@dima=\skip273
\bigstrutjot=\dimen283
) (c:/Users/cassi/AppData/Roaming/TinyTeX/texmf-dist/tex/latex/tools/hhline.sty
Package: hhline 2020/01/04 v2.04 Table rule package (DPC)
) (c:/Users/cassi/AppData/Roaming/TinyTeX/texmf-dist/tex/latex/threeparttable/threeparttable.sty
Package: threeparttable 2003/06/13  v 3.0
\@tempboxb=\box72
) (c:/Users/cassi/AppData/Roaming/TinyTeX/texmf-dist/tex/latex/wrapfig/wrapfig.sty
\wrapoverhang=\dimen284
\WF@size=\dimen285
\c@WF@wrappedlines=\count372
\WF@box=\box73
\WF@everypar=\toks37
Package: wrapfig 2003/01/31  v 3.6
) (c:/Users/cassi/AppData/Roaming/TinyTeX/texmf-dist/tex/latex/adjustbox/adjustbox.sty
Package: adjustbox 2022/10/17 v1.3a Adjusting TeX boxes (trim, clip, ...)
(c:/Users/cassi/AppData/Roaming/TinyTeX/texmf-dist/tex/latex/xkeyval/xkeyval.sty
Package: xkeyval 2022/06/16 v2.9 package option processing (HA)
(c:/Users/cassi/AppData/Roaming/TinyTeX/texmf-dist/tex/generic/xkeyval/xkeyval.tex (c:/Users/cassi/AppData/Roaming/TinyTeX/texmf-dist/tex/generic/xkeyval/xkvutils.tex
\XKV@toks=\toks38
\XKV@tempa@toks=\toks39
)
\XKV@depth=\count373
File: xkeyval.tex 2014/12/03 v2.7a key=value parser (HA)
)) (c:/Users/cassi/AppData/Roaming/TinyTeX/texmf-dist/tex/latex/adjustbox/adjcalc.sty
Package: adjcalc 2012/05/16 v1.1 Provides advanced setlength with multiple back-ends (calc, etex, pgfmath)
) (c:/Users/cassi/AppData/Roaming/TinyTeX/texmf-dist/tex/latex/adjustbox/trimclip.sty
Package: trimclip 2020/08/19 v1.2 Trim and clip general TeX material
(c:/Users/cassi/AppData/Roaming/TinyTeX/texmf-dist/tex/latex/collectbox/collectbox.sty
Package: collectbox 2022/10/17 v0.4c Collect macro arguments as boxes
\collectedbox=\box74
)
\tc@llx=\dimen286
\tc@lly=\dimen287
\tc@urx=\dimen288
\tc@ury=\dimen289
Package trimclip Info: Using driver 'tc-pdftex.def'.
(c:/Users/cassi/AppData/Roaming/TinyTeX/texmf-dist/tex/latex/adjustbox/tc-pdftex.def
File: tc-pdftex.def 2019/01/04 v2.2 Clipping driver for pdftex
))
\adjbox@Width=\dimen290
\adjbox@Height=\dimen291
\adjbox@Depth=\dimen292
\adjbox@Totalheight=\dimen293
\adjbox@pwidth=\dimen294
\adjbox@pheight=\dimen295
\adjbox@pdepth=\dimen296
\adjbox@ptotalheight=\dimen297
(c:/Users/cassi/AppData/Roaming/TinyTeX/texmf-dist/tex/latex/varwidth/varwidth.sty
Package: varwidth 2009/03/30 ver 0.92;  Variable-width minipages
\@vwid@box=\box75
\sift@deathcycles=\count374
\@vwid@loff=\dimen298
\@vwid@roff=\dimen299
)) (c:/Users/cassi/AppData/Roaming/TinyTeX/texmf-dist/tex/latex/l3backend/l3backend-pdftex.def
File: l3backend-pdftex.def 2023-01-16 L3 backend support: PDF output (pdfTeX)
\l__color_backend_stack_int=\count375
\l__pdf_internal_box=\box76
) (./index.aux

LaTeX Warning: Label `methodology' multiply defined.


LaTeX Warning: Label `methodology@cref' multiply defined.


LaTeX Warning: Label `data' multiply defined.


LaTeX Warning: Label `data@cref' multiply defined.


LaTeX Warning: Label `analysis' multiply defined.


LaTeX Warning: Label `analysis@cref' multiply defined.


LaTeX Warning: Label `conclusion' multiply defined.


LaTeX Warning: Label `conclusion@cref' multiply defined.


LaTeX Warning: Label `tab:vecmFinal' multiply defined.


LaTeX Warning: Label `tab:vecmFinal@cref' multiply defined.


LaTeX Warning: Label `tab:diagnostics' multiply defined.


LaTeX Warning: Label `tab:diagnostics@cref' multiply defined.


LaTeX Warning: Label `tab:diagnostics' multiply defined.


LaTeX Warning: Label `tab:diagnostics@cref' multiply defined.

)
\openout1 = `index.aux'.

LaTeX Font Info:    Checking defaults for OML/cmm/m/it on input line 142.
LaTeX Font Info:    ... okay on input line 142.
LaTeX Font Info:    Checking defaults for OMS/cmsy/m/n on input line 142.
LaTeX Font Info:    ... okay on input line 142.
LaTeX Font Info:    Checking defaults for OT1/cmr/m/n on input line 142.
LaTeX Font Info:    ... okay on input line 142.
LaTeX Font Info:    Checking defaults for T1/cmr/m/n on input line 142.
LaTeX Font Info:    ... okay on input line 142.
LaTeX Font Info:    Checking defaults for TS1/cmr/m/n on input line 142.
LaTeX Font Info:    ... okay on input line 142.
LaTeX Font Info:    Checking defaults for OMX/cmex/m/n on input line 142.
LaTeX Font Info:    ... okay on input line 142.
LaTeX Font Info:    Checking defaults for U/cmr/m/n on input line 142.
LaTeX Font Info:    ... okay on input line 142.
LaTeX Font Info:    Checking defaults for PD1/pdf/m/n on input line 142.
LaTeX Font Info:    ... okay on input line 142.
LaTeX Font Info:    Checking defaults for PU/pdf/m/n on input line 142.
LaTeX Font Info:    ... okay on input line 142.
(c:/Users/cassi/AppData/Roaming/TinyTeX/texmf-dist/tex/latex/epstopdf-pkg/epstopdf-base.sty
Package: epstopdf-base 2020-01-24 v2.11 Base part for package epstopdf
Package epstopdf-base Info: Redefining graphics rule for `.eps' on input line 485.
(c:/Users/cassi/AppData/Roaming/TinyTeX/texmf-dist/tex/latex/latexconfig/epstopdf-sys.cfg
File: epstopdf-sys.cfg 2010/07/13 v1.3 Configuration of (r)epstopdf for TeX Live
))
LaTeX Info: Redefining \microtypecontext on input line 142.
Package microtype Info: Applying patch `item' on input line 142.
Package microtype Info: Applying patch `toc' on input line 142.
Package microtype Info: Applying patch `eqnum' on input line 142.
Package microtype Info: Applying patch `footnote' on input line 142.
Package microtype Info: Generating PDF output.
Package microtype Info: Character protrusion enabled (level 2).
Package microtype Info: Using protrusion set `basicmath'.
Package microtype Info: Automatic font expansion enabled (level 2),
(microtype)             stretch: 20, shrink: 20, step: 1, non-selected.
Package microtype Info: Using default expansion set `alltext-nott'.
LaTeX Info: Redefining \showhyphens on input line 142.
Package microtype Info: No adjustment of tracking.
Package microtype Info: No adjustment of interword spacing.
Package microtype Info: No adjustment of character kerning.
(c:/Users/cassi/AppData/Roaming/TinyTeX/texmf-dist/tex/latex/microtype/mt-cmr.cfg
File: mt-cmr.cfg 2013/05/19 v2.2 microtype config. file: Computer Modern Roman (RS)
)
Package hyperref Info: Link coloring OFF on input line 142.
(./index.out) (./index.out)
\@outlinefile=\write4
\openout4 = `index.out'.

Package caption Info: Begin \AtBeginDocument code.
Package caption Info: subfig package v1.3 is loaded.
Package caption Info: threeparttable package is loaded.
Package caption Info: wrapfig package is loaded.
Package caption Info: End \AtBeginDocument code.
LaTeX Font Info:    Trying to load font information for OT1+lmr on input line 144.
(c:/Users/cassi/AppData/Roaming/TinyTeX/texmf-dist/tex/latex/lm/ot1lmr.fd
File: ot1lmr.fd 2015/05/01 v1.6.1 Font defs for Latin Modern
)
LaTeX Font Info:    Trying to load font information for OML+lmm on input line 144.
(c:/Users/cassi/AppData/Roaming/TinyTeX/texmf-dist/tex/latex/lm/omllmm.fd
File: omllmm.fd 2015/05/01 v1.6.1 Font defs for Latin Modern
)
LaTeX Font Info:    Trying to load font information for OMS+lmsy on input line 144.
(c:/Users/cassi/AppData/Roaming/TinyTeX/texmf-dist/tex/latex/lm/omslmsy.fd
File: omslmsy.fd 2015/05/01 v1.6.1 Font defs for Latin Modern
)
LaTeX Font Info:    Trying to load font information for OMX+lmex on input line 144.
(c:/Users/cassi/AppData/Roaming/TinyTeX/texmf-dist/tex/latex/lm/omxlmex.fd
File: omxlmex.fd 2015/05/01 v1.6.1 Font defs for Latin Modern
)
LaTeX Font Info:    External font `lmex10' loaded for size
(Font)              <17.28> on input line 144.
LaTeX Font Info:    External font `lmex10' loaded for size
(Font)              <12> on input line 144.
LaTeX Font Info:    External font `lmex10' loaded for size
(Font)              <10> on input line 144.
LaTeX Font Info:    Trying to load font information for U+msa on input line 144.
(c:/Users/cassi/AppData/Roaming/TinyTeX/texmf-dist/tex/latex/amsfonts/umsa.fd
File: umsa.fd 2013/01/14 v3.01 AMS symbols A
) (c:/Users/cassi/AppData/Roaming/TinyTeX/texmf-dist/tex/latex/microtype/mt-msa.cfg
File: mt-msa.cfg 2006/02/04 v1.1 microtype config. file: AMS symbols (a) (RS)
)
LaTeX Font Info:    Trying to load font information for U+msb on input line 144.
(c:/Users/cassi/AppData/Roaming/TinyTeX/texmf-dist/tex/latex/amsfonts/umsb.fd
File: umsb.fd 2013/01/14 v3.01 AMS symbols B
) (c:/Users/cassi/AppData/Roaming/TinyTeX/texmf-dist/tex/latex/microtype/mt-msb.cfg
File: mt-msb.cfg 2005/06/01 v1.0 microtype config. file: AMS symbols (b) (RS)
)
<./images/su_logo.jpg, id=100, 265.4718pt x 269.808pt>
File: ./images/su_logo.jpg Graphic file (type jpg)
<use ./images/su_logo.jpg>
Package pdftex.def Info: ./images/su_logo.jpg  used on input line 144.
(pdftex.def)             Requested size: 199.16928pt x 202.42137pt.
LaTeX Font Info:    External font `lmex10' loaded for size
(Font)              <8> on input line 144.
LaTeX Font Info:    External font `lmex10' loaded for size
(Font)              <6> on input line 144.
[1



{c:/Users/cassi/AppData/Roaming/TinyTeX/texmf-var/fonts/map/pdftex/updmap/pdftex.map} <./images/su_logo.jpg>]
LaTeX Font Info:    Trying to load font information for TS1+lmr on input line 147.
(c:/Users/cassi/AppData/Roaming/TinyTeX/texmf-dist/tex/latex/lm/ts1lmr.fd
File: ts1lmr.fd 2015/05/01 v1.6.1 Font defs for Latin Modern
) (./abstract.Rmd
pdfTeX warning (ext4): destination with the same identifier (name{page.i}) has been already used, duplicate ignored
<to be read again> 
                   \relax 
l.1 \begin{abstract}[english]
                              [1

]

Package usthesis Warning: No institutional address supplied on input line 1.

) [2

] (./index.toc [3

]) [4] (./index.lof) [5

] (./index.lot) [6

] [1



]

Package natbib Warning: Citation `pechacek2018' on page 2 undefined on input line 204.

[2

] [3] [4

] [5]
LaTeX Font Info:    External font `lmex10' loaded for size
(Font)              <7> on input line 315.
LaTeX Font Info:    External font `lmex10' loaded for size
(Font)              <5> on input line 315.
<index_files/figure-latex/graphs-1.png, id=279, 433.62pt x 325.215pt>
File: index_files/figure-latex/graphs-1.png Graphic file (type png)
<use index_files/figure-latex/graphs-1.png>
Package pdftex.def Info: index_files/figure-latex/graphs-1.png  used on input line 343.
(pdftex.def)             Requested size: 433.61894pt x 325.2142pt.

Overfull \hbox (35.61894pt too wide) in paragraph at lines 343--344
 [][] 
 []

[6] [7 <./index_files/figure-latex/graphs-1.png>] [8] [9] [10

] [11] [12

] [13

]
<index_files/figure-latex/loggraphs-1.png, id=384, 433.62pt x 325.215pt>
File: index_files/figure-latex/loggraphs-1.png Graphic file (type png)
<use index_files/figure-latex/loggraphs-1.png>
Package pdftex.def Info: index_files/figure-latex/loggraphs-1.png  used on input line 526.
(pdftex.def)             Requested size: 433.61894pt x 325.2142pt.

Overfull \hbox (35.61894pt too wide) in paragraph at lines 526--527
 [][] 
 []

<index_files/figure-latex/seasonGraphs-1.png, id=385, 433.62pt x 325.215pt>
File: index_files/figure-latex/seasonGraphs-1.png Graphic file (type png)
<use index_files/figure-latex/seasonGraphs-1.png>
Package pdftex.def Info: index_files/figure-latex/seasonGraphs-1.png  used on input line 539.
(pdftex.def)             Requested size: 433.61894pt x 325.2142pt.

Overfull \hbox (35.61894pt too wide) in paragraph at lines 539--540
 [][] 
 []

[14

 <./index_files/figure-latex/loggraphs-1.png>] [15 <./index_files/figure-latex/seasonGraphs-1.png>] [16

] [17] [18

] [19

] [20]
<index_files/figure-latex/ResidualGraphs-1.png, id=440, 433.62pt x 433.62pt>
File: index_files/figure-latex/ResidualGraphs-1.png Graphic file (type png)
<use index_files/figure-latex/ResidualGraphs-1.png>
Package pdftex.def Info: index_files/figure-latex/ResidualGraphs-1.png  used on input line 1512.
(pdftex.def)             Requested size: 433.61894pt x 433.61894pt.

Overfull \hbox (35.61894pt too wide) in paragraph at lines 1512--1513
 [][] 
 []

[21

] [22 <./index_files/figure-latex/ResidualGraphs-1.png>] (./index.bbl (c:/Users/cassi/AppData/Roaming/TinyTeX/texmf-dist/tex/latex/stellenbosch/usbib.eng)
LaTeX Font Info:    External font `lmex10' loaded for size
(Font)              <10.95> on input line 30.
[23



])

Package natbib Warning: There were undefined citations.

[24]
\tf@toc=\write5
\openout5 = `index.toc'.

\tf@lof=\write6
\openout6 = `index.lof'.

\tf@lot=\write7
\openout7 = `index.lot'.

(./index.aux)

LaTeX Warning: There were multiply-defined labels.

Package rerunfilecheck Info: File `index.out' has not changed.
(rerunfilecheck)             Checksum: 1A184702678406350852A81AD6CBF846;3393.
 ) 
Here is how much of TeX's memory you used:
 25637 strings out of 477969
 470887 string characters out of 5836930
 1891340 words of memory out of 5000000
 45034 multiletter control sequences out of 15000+600000
 657291 words of font info for 259 fonts, out of 8000000 for 9000
 14 hyphenation exceptions out of 8191
 75i,15n,79p,1003b,1221s stack positions out of 10000i,1000n,20000p,200000b,200000s
{c:/Users/cassi/AppData/Roaming/TinyTeX/texmf-dist/fonts/enc/dvips/lm/lm-mathit.enc}{c:/Users/cassi/AppData/Roaming/TinyTeX/texmf-dist/fonts/enc/dvips/lm/lm-mathsy.enc}{c:/Users/cassi/AppData/Roaming/TinyTeX/texmf-dist/fonts/enc/dvips/lm/lm-mathex.enc}{c:/Users/cassi/AppData/Roaming/TinyTeX/texmf-dist/fonts/enc/dvips/lm/lm-rm.enc}{c:/Users/cassi/AppData/Roaming/TinyTeX/texmf-dist/fonts/enc/dvips/lm/lm-ec.enc}{c:/Users/cassi/AppData/Roaming/TinyTeX/texmf-dist/fonts/enc/dvips/lm/lm-ts1.enc}<c:/Users/cassi/AppData/Roaming/TinyTeX/texmf-dist/fonts/type1/public/lm/lmbx10.pfb><c:/Users/cassi/AppData/Roaming/TinyTeX/texmf-dist/fonts/type1/public/lm/lmbx12.pfb><c:/Users/cassi/AppData/Roaming/TinyTeX/texmf-dist/fonts/type1/public/lm/lmex10.pfb><c:/Users/cassi/AppData/Roaming/TinyTeX/texmf-dist/fonts/type1/public/lm/lmmi10.pfb><c:/Users/cassi/AppData/Roaming/TinyTeX/texmf-dist/fonts/type1/public/lm/lmmi12.pfb><c:/Users/cassi/AppData/Roaming/TinyTeX/texmf-dist/fonts/type1/public/lm/lmmi8.pfb><c:/Users/cassi/AppData/Roaming/TinyTeX/texmf-dist/fonts/type1/public/lm/lmr10.pfb><c:/Users/cassi/AppData/Roaming/TinyTeX/texmf-dist/fonts/type1/public/lm/lmr12.pfb><c:/Users/cassi/AppData/Roaming/TinyTeX/texmf-dist/fonts/type1/public/lm/lmr17.pfb><c:/Users/cassi/AppData/Roaming/TinyTeX/texmf-dist/fonts/type1/public/lm/lmr7.pfb><c:/Users/cassi/AppData/Roaming/TinyTeX/texmf-dist/fonts/type1/public/lm/lmr8.pfb><c:/Users/cassi/AppData/Roaming/TinyTeX/texmf-dist/fonts/type1/public/lm/lmri10.pfb><c:/Users/cassi/AppData/Roaming/TinyTeX/texmf-dist/fonts/type1/public/lm/lmri12.pfb><c:/Users/cassi/AppData/Roaming/TinyTeX/texmf-dist/fonts/type1/public/lm/lmro10.pfb><c:/Users/cassi/AppData/Roaming/TinyTeX/texmf-dist/fonts/type1/public/lm/lmro12.pfb><c:/Users/cassi/AppData/Roaming/TinyTeX/texmf-dist/fonts/type1/public/lm/lmsy10.pfb><c:/Users/cassi/AppData/Roaming/TinyTeX/texmf-dist/fonts/type1/public/lm/lmsy8.pfb>
Output written on index.pdf (31 pages, 842277 bytes).
PDF statistics:
 580 PDF objects out of 1000 (max. 8388607)
 496 compressed objects within 5 object streams
 135 named destinations out of 1000 (max. 500000)
 80090 words of extra memory for PDF output out of 89155 (max. 10000000)

